flex version 2.5.35 Apple(flex-31) usage statistics:
  scanner options: -dsvI8 -Cem -oyylex.cpp
  264/2000 NFA states
  95/1000 DFA states (499 words)
  46 rules
  Compressed tables always back-up
  1/40 start conditions
  154 epsilon states, 66 double epsilon states
  22/100 character classes needed 293/500 words of storage, 0 reused
  1434 state/nextstate pairs created
  231/1203 unique/duplicate transitions
  104/1000 base-def entries created
  276/2000 (peak 577) nxt-chk entries created
  36/2500 (peak 414) template nxt-chk entries created
  1 empty table entries
  11 protos created
  9 templates created, 17 uses
  46/256 equivalence classes created
  4/256 meta-equivalence classes created
  1 (1 saved) hash collisions, 139 DFAs equal
  0 sets of reallocations needed
  1062 total table entries needed
